
/home/runner/work/exp-decryption-ciphertext-using-aes-au/exp-decryption-ciphertext-using-aes-au/experiment/simulation/static/js/787.cbeac434.chunk.js
  1:691   warning  Empty block statement  no-empty
  1:4425  warning  Empty block statement  no-empty

/home/runner/work/exp-decryption-ciphertext-using-aes-au/exp-decryption-ciphertext-using-aes-au/experiment/simulation/static/js/main.b333ce07.js
  2:671     warning  Unexpected combined character in character class                           no-misleading-character-class
  2:2560    warning  Unnecessary escape character: \-                                           no-useless-escape
  2:2642    warning  Do not access Object.prototype method 'hasOwnProperty' from target object  no-prototype-builtins
  2:7180    warning  Expected a conditional expression and instead saw an assignment            no-cond-assign
  2:8170    warning  Empty block statement                                                      no-empty
  2:9375    warning  Do not access Object.prototype method 'hasOwnProperty' from target object  no-prototype-builtins
  2:10835   warning  Do not access Object.prototype method 'hasOwnProperty' from target object  no-prototype-builtins
  2:10876   warning  Do not access Object.prototype method 'hasOwnProperty' from target object  no-prototype-builtins
  2:11041   warning  Do not access Object.prototype method 'hasOwnProperty' from target object  no-prototype-builtins
  2:11068   warning  Do not access Object.prototype method 'hasOwnProperty' from target object  no-prototype-builtins
  2:11656   warning  Do not access Object.prototype method 'hasOwnProperty' from target object  no-prototype-builtins
  2:13290   warning  'MSApp' is not defined                                                     no-undef
  2:13333   warning  'n' is defined but never used                                              no-unused-vars
  2:13335   warning  'r' is defined but never used                                              no-unused-vars
  2:13338   warning  'MSApp' is not defined                                                     no-undef
  2:14303   warning  Do not access Object.prototype method 'hasOwnProperty' from target object  no-prototype-builtins
  2:14396   warning  Do not access Object.prototype method 'hasOwnProperty' from target object  no-prototype-builtins
  2:15603   warning  Expected a conditional expression and instead saw an assignment            no-cond-assign
  2:16625   warning  Expected to return a value in method 'get'                                 getter-return
  2:16762   warning  'r' is defined but never used                                              no-unused-vars
  2:16764   warning  'a' is defined but never used                                              no-unused-vars
  2:16766   warning  'i' is defined but never used                                              no-unused-vars
  2:16768   warning  'o' is defined but never used                                              no-unused-vars
  2:16770   warning  's' is defined but never used                                              no-unused-vars
  2:16772   warning  'l' is defined but never used                                              no-unused-vars
  2:16945   warning  'e' is defined but never used                                              no-unused-vars
  2:16947   warning  't' is defined but never used                                              no-unused-vars
  2:16949   warning  'n' is defined but never used                                              no-unused-vars
  2:16951   warning  'r' is defined but never used                                              no-unused-vars
  2:16953   warning  'a' is defined but never used                                              no-unused-vars
  2:16955   warning  'i' is defined but never used                                              no-unused-vars
  2:16957   warning  'o' is defined but never used                                              no-unused-vars
  2:16959   warning  's' is defined but never used                                              no-unused-vars
  2:16961   warning  'l' is defined but never used                                              no-unused-vars
  2:25840   warning  Do not access Object.prototype method 'hasOwnProperty' from target object  no-prototype-builtins
  2:26160   warning  Invalid typeof comparison value                                            valid-typeof
  2:26334   warning  Invalid typeof comparison value                                            valid-typeof
  2:33138   warning  Expected a conditional expression and instead saw an assignment            no-cond-assign
  2:34356   warning  Do not access Object.prototype method 'hasOwnProperty' from target object  no-prototype-builtins
  2:36856   warning  'e' is defined but never used                                              no-unused-vars
  2:36858   warning  't' is defined but never used                                              no-unused-vars
  2:36860   warning  'n' is defined but never used                                              no-unused-vars
  2:36862   warning  'r' is defined but never used                                              no-unused-vars
  2:36864   warning  'a' is defined but never used                                              no-unused-vars
  2:36866   warning  'o' is defined but never used                                              no-unused-vars
  2:36868   warning  's' is defined but never used                                              no-unused-vars
  2:36870   warning  'l' is defined but never used                                              no-unused-vars
  2:36872   warning  'u' is defined but never used                                              no-unused-vars
  2:38813   warning  Expected a 'break' statement before 'case'                                 no-fallthrough
  2:39000   warning  Expected a 'break' statement before 'case'                                 no-fallthrough
  2:40111   warning  Expected a conditional expression and instead saw an assignment            no-cond-assign
  2:40185   warning  Expected a conditional expression and instead saw an assignment            no-cond-assign
  2:41538   warning  Expected a 'break' statement before 'case'                                 no-fallthrough
  2:43510   warning  Unexpected control character(s) in regular expression: \x00                no-control-regex
  2:45116   warning  Expected a conditional expression and instead saw an assignment            no-cond-assign
  2:45216   warning  Expected a conditional expression and instead saw an assignment            no-cond-assign
  2:52615   warning  Expected a 'break' statement before 'case'                                 no-fallthrough
  2:54582   warning  Expected a conditional expression and instead saw an assignment            no-cond-assign
  2:56033   warning  Expected a conditional expression and instead saw an assignment            no-cond-assign
  2:61865   warning  Expected a conditional expression and instead saw an assignment            no-cond-assign
  2:68476   warning  Empty block statement                                                      no-empty
  2:75663   warning  Expected a conditional expression and instead saw an assignment            no-cond-assign
  2:76793   warning  Expected a conditional expression and instead saw an assignment            no-cond-assign
  2:79550   warning  Expected a conditional expression and instead saw an assignment            no-cond-assign
  2:85165   warning  Do not access Object.prototype method 'hasOwnProperty' from target object  no-prototype-builtins
  2:85445   warning  Do not access Object.prototype method 'hasOwnProperty' from target object  no-prototype-builtins
  2:85890   warning  Unnecessary escape character: \/                                           no-useless-escape
  2:86758   warning  Do not access Object.prototype method 'hasOwnProperty' from target object  no-prototype-builtins
  2:87066   warning  Do not access Object.prototype method 'hasOwnProperty' from target object  no-prototype-builtins
  2:92059   warning  Do not access Object.prototype method 'hasOwnProperty' from target object  no-prototype-builtins
  2:92080   warning  Do not access Object.prototype method 'hasOwnProperty' from target object  no-prototype-builtins
  2:92150   warning  Do not access Object.prototype method 'hasOwnProperty' from target object  no-prototype-builtins
  2:92330   warning  Do not access Object.prototype method 'hasOwnProperty' from target object  no-prototype-builtins
  2:92432   warning  Do not access Object.prototype method 'hasOwnProperty' from target object  no-prototype-builtins
  2:92512   warning  Do not access Object.prototype method 'hasOwnProperty' from target object  no-prototype-builtins
  2:92536   warning  Do not access Object.prototype method 'hasOwnProperty' from target object  no-prototype-builtins
  2:92588   warning  Do not access Object.prototype method 'hasOwnProperty' from target object  no-prototype-builtins
  2:92943   warning  Do not access Object.prototype method 'hasOwnProperty' from target object  no-prototype-builtins
  2:95350   warning  Empty block statement                                                      no-empty
  2:95385   warning  Expected a 'break' statement before 'case'                                 no-fallthrough
  2:99457   warning  Do not access Object.prototype method 'hasOwnProperty' from target object  no-prototype-builtins
  2:99984   warning  Expected a 'break' statement before 'case'                                 no-fallthrough
  2:112490  warning  Empty block statement                                                      no-empty
  2:114192  warning  Empty block statement                                                      no-empty
  2:124671  warning  Expected a conditional expression and instead saw an assignment            no-cond-assign
  2:126416  warning  'Ne' is a function                                                         no-func-assign
  2:126422  warning  'Te' is a function                                                         no-func-assign
  2:127369  warning  '__REACT_DEVTOOLS_GLOBAL_HOOK__' is not defined                            no-undef
  2:127472  warning  Empty block statement                                                      no-empty
  2:129825  warning  '__REACT_DEVTOOLS_GLOBAL_HOOK__' is not defined                            no-undef
  2:129869  warning  '__REACT_DEVTOOLS_GLOBAL_HOOK__' is not defined                            no-undef
  2:130347  warning  Do not access Object.prototype method 'hasOwnProperty' from target object  no-prototype-builtins
  2:131992  warning  Do not access Object.prototype method 'hasOwnProperty' from target object  no-prototype-builtins
  2:135020  warning  Do not access Object.prototype method 'hasOwnProperty' from target object  no-prototype-builtins
  2:137964  warning  'setImmediate' is not defined                                              no-undef
  2:141872  warning  'e' is defined but never used                                              no-unused-vars
  2:141995  warning  'o' is defined but never used                                              no-unused-vars
  2:144779  warning  Unsafe usage of ReturnStatement                                            no-unsafe-finally
  2:144799  warning  Unsafe usage of ThrowStatement                                             no-unsafe-finally
  2:145319  warning  'p' is a function                                                          no-func-assign
  2:146153  warning  'y' is a function                                                          no-func-assign
  2:146552  warning  'x' is a function                                                          no-func-assign
  2:147405  warning  'e' is defined but never used                                              no-unused-vars
  2:147407  warning  't' is defined but never used                                              no-unused-vars
  2:147409  warning  'n' is defined but never used                                              no-unused-vars
  2:147419  warning  'j' is a function                                                          no-func-assign
  2:147653  warning  'S' is a function                                                          no-func-assign
  2:148175  warning  'E' is a function                                                          no-func-assign
  2:148652  warning  Empty block statement                                                      no-empty
  2:152909  warning  Unsafe usage of ThrowStatement                                             no-unsafe-finally
  2:157441  warning  're' is assigned a value but never used                                    no-unused-vars
  2:157861  warning  'se' is a function                                                         no-func-assign
  2:158133  warning  'ce' is assigned a value but never used                                    no-unused-vars
  2:163530  warning  'e' is defined but never used                                              no-unused-vars
  2:163586  warning  'e' is defined but never used                                              no-unused-vars
  2:163642  warning  'e' is defined but never used                                              no-unused-vars
  2:163660  warning  'e' is defined but never used                                              no-unused-vars
  2:163805  warning  'e' is defined but never used                                              no-unused-vars
  2:164724  warning  'De' is assigned a value but never used                                    no-unused-vars
  2:165552  warning  'Ve' is a function                                                         no-func-assign
  2:167862  warning  Empty block statement                                                      no-empty
  2:179146  warning  Unnecessary escape character: \.                                           no-useless-escape
  2:179168  warning  Unnecessary escape character: \.                                           no-useless-escape
  2:179179  warning  Unnecessary escape character: \,                                           no-useless-escape
  2:179181  warning  Unnecessary escape character: \/                                           no-useless-escape
  2:179191  warning  Unnecessary escape character: \.                                           no-useless-escape
  2:179244  warning  Unnecessary escape character: \.                                           no-useless-escape
  2:179266  warning  Unnecessary escape character: \.                                           no-useless-escape
  2:179277  warning  Unnecessary escape character: \,                                           no-useless-escape
  2:179279  warning  Unnecessary escape character: \/                                           no-useless-escape
  2:179289  warning  Unnecessary escape character: \.                                           no-useless-escape
  2:182787  warning  'require' is not defined                                                   no-undef
  2:182897  warning  Empty block statement                                                      no-empty
  2:187612  warning  Expected a conditional expression and instead saw an assignment            no-cond-assign
  2:200396  warning  Do not access Object.prototype method 'hasOwnProperty' from target object  no-prototype-builtins
  2:200981  warning  Expected a conditional expression and instead saw an assignment            no-cond-assign
  2:216406  warning  Unnecessary escape character: \-                                           no-useless-escape
  2:221003  warning  Do not access Object.prototype method 'hasOwnProperty' from target object  no-prototype-builtins
  2:224446  warning  Do not access Object.prototype method 'hasOwnProperty' from target object  no-prototype-builtins
  2:257570  warning  Redundant double negation                                                  no-extra-boolean-cast
  2:258633  warning  Redundant Boolean call                                                     no-extra-boolean-cast
  2:272486  warning  Unexpected comma in middle of array                                        no-sparse-arrays
  2:277689  warning  'e' is defined but never used                                              no-unused-vars
  2:277691  warning  't' is defined but never used                                              no-unused-vars
  2:286681  warning  'bl' is a function                                                         no-func-assign

/home/runner/work/exp-decryption-ciphertext-using-aes-au/exp-decryption-ciphertext-using-aes-au/experiment/simulation/static/js/main.ccc118e7.js
  2:671     warning  Unexpected combined character in character class                           no-misleading-character-class
  2:2560    warning  Unnecessary escape character: \-                                           no-useless-escape
  2:2642    warning  Do not access Object.prototype method 'hasOwnProperty' from target object  no-prototype-builtins
  2:7180    warning  Expected a conditional expression and instead saw an assignment            no-cond-assign
  2:8170    warning  Empty block statement                                                      no-empty
  2:9375    warning  Do not access Object.prototype method 'hasOwnProperty' from target object  no-prototype-builtins
  2:10835   warning  Do not access Object.prototype method 'hasOwnProperty' from target object  no-prototype-builtins
  2:10876   warning  Do not access Object.prototype method 'hasOwnProperty' from target object  no-prototype-builtins
  2:11041   warning  Do not access Object.prototype method 'hasOwnProperty' from target object  no-prototype-builtins
  2:11068   warning  Do not access Object.prototype method 'hasOwnProperty' from target object  no-prototype-builtins
  2:11656   warning  Do not access Object.prototype method 'hasOwnProperty' from target object  no-prototype-builtins
  2:13290   warning  'MSApp' is not defined                                                     no-undef
  2:13333   warning  'n' is defined but never used                                              no-unused-vars
  2:13335   warning  'r' is defined but never used                                              no-unused-vars
  2:13338   warning  'MSApp' is not defined                                                     no-undef
  2:14303   warning  Do not access Object.prototype method 'hasOwnProperty' from target object  no-prototype-builtins
  2:14396   warning  Do not access Object.prototype method 'hasOwnProperty' from target object  no-prototype-builtins
  2:15603   warning  Expected a conditional expression and instead saw an assignment            no-cond-assign
  2:16625   warning  Expected to return a value in method 'get'                                 getter-return
  2:16762   warning  'r' is defined but never used                                              no-unused-vars
  2:16764   warning  'a' is defined but never used                                              no-unused-vars
  2:16766   warning  'i' is defined but never used                                              no-unused-vars
  2:16768   warning  'o' is defined but never used                                              no-unused-vars
  2:16770   warning  's' is defined but never used                                              no-unused-vars
  2:16772   warning  'l' is defined but never used                                              no-unused-vars
  2:16945   warning  'e' is defined but never used                                              no-unused-vars
  2:16947   warning  't' is defined but never used                                              no-unused-vars
  2:16949   warning  'n' is defined but never used                                              no-unused-vars
  2:16951   warning  'r' is defined but never used                                              no-unused-vars
  2:16953   warning  'a' is defined but never used                                              no-unused-vars
  2:16955   warning  'i' is defined but never used                                              no-unused-vars
  2:16957   warning  'o' is defined but never used                                              no-unused-vars
  2:16959   warning  's' is defined but never used                                              no-unused-vars
  2:16961   warning  'l' is defined but never used                                              no-unused-vars
  2:25840   warning  Do not access Object.prototype method 'hasOwnProperty' from target object  no-prototype-builtins
  2:26160   warning  Invalid typeof comparison value                                            valid-typeof
  2:26334   warning  Invalid typeof comparison value                                            valid-typeof
  2:33138   warning  Expected a conditional expression and instead saw an assignment            no-cond-assign
  2:34356   warning  Do not access Object.prototype method 'hasOwnProperty' from target object  no-prototype-builtins
  2:36856   warning  'e' is defined but never used                                              no-unused-vars
  2:36858   warning  't' is defined but never used                                              no-unused-vars
  2:36860   warning  'n' is defined but never used                                              no-unused-vars
  2:36862   warning  'r' is defined but never used                                              no-unused-vars
  2:36864   warning  'a' is defined but never used                                              no-unused-vars
  2:36866   warning  'o' is defined but never used                                              no-unused-vars
  2:36868   warning  's' is defined but never used                                              no-unused-vars
  2:36870   warning  'l' is defined but never used                                              no-unused-vars
  2:36872   warning  'u' is defined but never used                                              no-unused-vars
  2:38813   warning  Expected a 'break' statement before 'case'                                 no-fallthrough
  2:39000   warning  Expected a 'break' statement before 'case'                                 no-fallthrough
  2:40111   warning  Expected a conditional expression and instead saw an assignment            no-cond-assign
  2:40185   warning  Expected a conditional expression and instead saw an assignment            no-cond-assign
  2:41538   warning  Expected a 'break' statement before 'case'                                 no-fallthrough
  2:43510   warning  Unexpected control character(s) in regular expression: \x00                no-control-regex
  2:45116   warning  Expected a conditional expression and instead saw an assignment            no-cond-assign
  2:45216   warning  Expected a conditional expression and instead saw an assignment            no-cond-assign
  2:52615   warning  Expected a 'break' statement before 'case'                                 no-fallthrough
  2:54582   warning  Expected a conditional expression and instead saw an assignment            no-cond-assign
  2:56033   warning  Expected a conditional expression and instead saw an assignment            no-cond-assign
  2:61865   warning  Expected a conditional expression and instead saw an assignment            no-cond-assign
  2:68476   warning  Empty block statement                                                      no-empty
  2:75663   warning  Expected a conditional expression and instead saw an assignment            no-cond-assign
  2:76793   warning  Expected a conditional expression and instead saw an assignment            no-cond-assign
  2:79550   warning  Expected a conditional expression and instead saw an assignment            no-cond-assign
  2:85165   warning  Do not access Object.prototype method 'hasOwnProperty' from target object  no-prototype-builtins
  2:85445   warning  Do not access Object.prototype method 'hasOwnProperty' from target object  no-prototype-builtins
  2:85890   warning  Unnecessary escape character: \/                                           no-useless-escape
  2:86758   warning  Do not access Object.prototype method 'hasOwnProperty' from target object  no-prototype-builtins
  2:87066   warning  Do not access Object.prototype method 'hasOwnProperty' from target object  no-prototype-builtins
  2:92059   warning  Do not access Object.prototype method 'hasOwnProperty' from target object  no-prototype-builtins
  2:92080   warning  Do not access Object.prototype method 'hasOwnProperty' from target object  no-prototype-builtins
  2:92150   warning  Do not access Object.prototype method 'hasOwnProperty' from target object  no-prototype-builtins
  2:92330   warning  Do not access Object.prototype method 'hasOwnProperty' from target object  no-prototype-builtins
  2:92432   warning  Do not access Object.prototype method 'hasOwnProperty' from target object  no-prototype-builtins
  2:92512   warning  Do not access Object.prototype method 'hasOwnProperty' from target object  no-prototype-builtins
  2:92536   warning  Do not access Object.prototype method 'hasOwnProperty' from target object  no-prototype-builtins
  2:92588   warning  Do not access Object.prototype method 'hasOwnProperty' from target object  no-prototype-builtins
  2:92943   warning  Do not access Object.prototype method 'hasOwnProperty' from target object  no-prototype-builtins
  2:95350   warning  Empty block statement                                                      no-empty
  2:95385   warning  Expected a 'break' statement before 'case'                                 no-fallthrough
  2:99457   warning  Do not access Object.prototype method 'hasOwnProperty' from target object  no-prototype-builtins
  2:99984   warning  Expected a 'break' statement before 'case'                                 no-fallthrough
  2:112490  warning  Empty block statement                                                      no-empty
  2:114192  warning  Empty block statement                                                      no-empty
  2:124671  warning  Expected a conditional expression and instead saw an assignment            no-cond-assign
  2:126416  warning  'Ne' is a function                                                         no-func-assign
  2:126422  warning  'Te' is a function                                                         no-func-assign
  2:127369  warning  '__REACT_DEVTOOLS_GLOBAL_HOOK__' is not defined                            no-undef
  2:127472  warning  Empty block statement                                                      no-empty
  2:129825  warning  '__REACT_DEVTOOLS_GLOBAL_HOOK__' is not defined                            no-undef
  2:129869  warning  '__REACT_DEVTOOLS_GLOBAL_HOOK__' is not defined                            no-undef
  2:130347  warning  Do not access Object.prototype method 'hasOwnProperty' from target object  no-prototype-builtins
  2:131992  warning  Do not access Object.prototype method 'hasOwnProperty' from target object  no-prototype-builtins
  2:135020  warning  Do not access Object.prototype method 'hasOwnProperty' from target object  no-prototype-builtins
  2:137964  warning  'setImmediate' is not defined                                              no-undef
  2:141872  warning  'e' is defined but never used                                              no-unused-vars
  2:141995  warning  'o' is defined but never used                                              no-unused-vars
  2:144778  warning  Unsafe usage of ReturnStatement                                            no-unsafe-finally
  2:144798  warning  Unsafe usage of ThrowStatement                                             no-unsafe-finally
  2:145318  warning  'p' is a function                                                          no-func-assign
  2:146152  warning  'y' is a function                                                          no-func-assign
  2:146551  warning  'x' is a function                                                          no-func-assign
  2:147404  warning  'e' is defined but never used                                              no-unused-vars
  2:147406  warning  't' is defined but never used                                              no-unused-vars
  2:147408  warning  'n' is defined but never used                                              no-unused-vars
  2:147418  warning  'j' is a function                                                          no-func-assign
  2:147652  warning  'S' is a function                                                          no-func-assign
  2:148174  warning  'E' is a function                                                          no-func-assign
  2:148651  warning  Empty block statement                                                      no-empty
  2:152908  warning  Unsafe usage of ThrowStatement                                             no-unsafe-finally
  2:157440  warning  're' is assigned a value but never used                                    no-unused-vars
  2:157860  warning  'se' is a function                                                         no-func-assign
  2:158132  warning  'ce' is assigned a value but never used                                    no-unused-vars
  2:163529  warning  'e' is defined but never used                                              no-unused-vars
  2:163585  warning  'e' is defined but never used                                              no-unused-vars
  2:163641  warning  'e' is defined but never used                                              no-unused-vars
  2:163659  warning  'e' is defined but never used                                              no-unused-vars
  2:163804  warning  'e' is defined but never used                                              no-unused-vars
  2:164723  warning  'De' is assigned a value but never used                                    no-unused-vars
  2:165551  warning  'Ve' is a function                                                         no-func-assign
  2:167861  warning  Empty block statement                                                      no-empty
  2:179145  warning  Unnecessary escape character: \.                                           no-useless-escape
  2:179167  warning  Unnecessary escape character: \.                                           no-useless-escape
  2:179178  warning  Unnecessary escape character: \,                                           no-useless-escape
  2:179180  warning  Unnecessary escape character: \/                                           no-useless-escape
  2:179190  warning  Unnecessary escape character: \.                                           no-useless-escape
  2:179243  warning  Unnecessary escape character: \.                                           no-useless-escape
  2:179265  warning  Unnecessary escape character: \.                                           no-useless-escape
  2:179276  warning  Unnecessary escape character: \,                                           no-useless-escape
  2:179278  warning  Unnecessary escape character: \/                                           no-useless-escape
  2:179288  warning  Unnecessary escape character: \.                                           no-useless-escape
  2:182786  warning  'require' is not defined                                                   no-undef
  2:182896  warning  Empty block statement                                                      no-empty
  2:187611  warning  Expected a conditional expression and instead saw an assignment            no-cond-assign
  2:200395  warning  Do not access Object.prototype method 'hasOwnProperty' from target object  no-prototype-builtins
  2:200980  warning  Expected a conditional expression and instead saw an assignment            no-cond-assign
  2:216405  warning  Unnecessary escape character: \-                                           no-useless-escape
  2:221002  warning  Do not access Object.prototype method 'hasOwnProperty' from target object  no-prototype-builtins
  2:224445  warning  Do not access Object.prototype method 'hasOwnProperty' from target object  no-prototype-builtins
  2:257569  warning  Redundant double negation                                                  no-extra-boolean-cast
  2:258632  warning  Redundant Boolean call                                                     no-extra-boolean-cast
  2:272485  warning  Unexpected comma in middle of array                                        no-sparse-arrays
  2:277688  warning  'e' is defined but never used                                              no-unused-vars
  2:277690  warning  't' is defined but never used                                              no-unused-vars
  2:286680  warning  'bl' is a function                                                         no-func-assign

✖ 292 problems (0 errors, 292 warnings)
  0 errors and 4 warnings potentially fixable with the `--fix` option.

